{
  "stats": {
    "suites": 1,
    "tests": 2,
    "passes": 2,
    "pending": 0,
    "failures": 0,
    "start": "2023-12-17T12:19:25.225Z",
    "end": "2023-12-17T12:19:29.976Z",
    "duration": 4751,
    "testsRegistered": 2,
    "passPercent": 100,
    "pendingPercent": 0,
    "other": 0,
    "hasOther": false,
    "skipped": 0,
    "hasSkipped": false
  },
  "results": [
    {
      "uuid": "0fa144ea-a94b-44f8-8a6d-5a417a6597a1",
      "title": "",
      "fullFile": "cypress\\e2e\\api\\userRegistration.cy.js",
      "file": "cypress\\e2e\\api\\userRegistration.cy.js",
      "beforeHooks": [],
      "afterHooks": [],
      "tests": [],
      "suites": [
        {
          "uuid": "de2205ee-51e0-419b-b3e0-4d8c82a46445",
          "title": "API User Login",
          "fullFile": "",
          "file": "",
          "beforeHooks": [],
          "afterHooks": [],
          "tests": [
            {
              "title": "API Register new user",
              "fullTitle": "API User Login API Register new user",
              "timedOut": null,
              "duration": 986,
              "state": "passed",
              "speed": "fast",
              "pass": true,
              "fail": false,
              "pending": false,
              "context": null,
              "code": "(0, _userApiRegister.userRegisterApi)();",
              "err": {},
              "uuid": "8f9fd9c7-4ef8-4522-87ba-4f8c96f352a2",
              "parentUUID": "de2205ee-51e0-419b-b3e0-4d8c82a46445",
              "isHook": false,
              "skipped": false
            },
            {
              "title": "API Login followed by UI login verification",
              "fullTitle": "API User Login API Login followed by UI login verification",
              "timedOut": null,
              "duration": 3728,
              "state": "passed",
              "speed": "fast",
              "pass": true,
              "fail": false,
              "pending": false,
              "context": null,
              "code": "(0, _userApiRegister.userLoginApi)();\n(0, _userApiRegister.setAuthToken)();\n(0, _userApiRegister.verifyUserLogin)();",
              "err": {},
              "uuid": "a88a44fa-daa8-4136-b20a-53711b68007a",
              "parentUUID": "de2205ee-51e0-419b-b3e0-4d8c82a46445",
              "isHook": false,
              "skipped": false
            }
          ],
          "suites": [],
          "passes": [
            "8f9fd9c7-4ef8-4522-87ba-4f8c96f352a2",
            "a88a44fa-daa8-4136-b20a-53711b68007a"
          ],
          "failures": [],
          "pending": [],
          "skipped": [],
          "duration": 4714,
          "root": false,
          "rootEmpty": false,
          "_timeout": 2000
        }
      ],
      "passes": [],
      "failures": [],
      "pending": [],
      "skipped": [],
      "duration": 0,
      "root": true,
      "rootEmpty": true,
      "_timeout": 2000
    }
  ],
  "meta": {
    "mocha": {
      "version": "7.0.1"
    },
    "mochawesome": {
      "options": {
        "quiet": false,
        "reportFilename": "mochawesome",
        "saveHtml": true,
        "saveJson": true,
        "consoleReporter": "spec",
        "useInlineDiffs": false,
        "code": true
      },
      "version": "7.1.3"
    },
    "marge": {
      "options": {
        "reportDir": "cypress/results",
        "overwrite": false,
        "html": true,
        "json": true
      },
      "version": "6.2.0"
    }
  }
}